-------------------------------------------------------------------------------
Test set: TestSuite
-------------------------------------------------------------------------------
Tests run: 3, Failures: 1, Errors: 0, Skipped: 0, Time elapsed: 15.275 s <<< FAILURE! - in TestSuite
cucumberOptions.TestNGTestRunner.runScenario["Search Experience for product search in both home and Offers page", "Optional[Search and Place the order for Products]"](3)  Time elapsed: 14.665 s  <<< FAILURE!
java.lang.AssertionError: expected [Beetroot] but found [No data]

